Audit Success,05/09/2025 07:28:01,Microsoft-Windows-Security-Auditing,4624,Logon,An account was successfully logged on.,S-1-5-21-1234567890-123456789-1234567890-1001,DESKTOP-CTF\CTFUser,0x12345,2,::1,80,Kerberos,Advapi,,DESKTOP-CTF,00000000-0000-0000-0000-000000000000
Audit Success,05/09/2025 07:28:02,Microsoft-Windows-Security-Auditing,4634,Logoff,An account was logged off.,S-1-5-21-1234567890-123456789-1234567890-1001,DESKTOP-CTF\CTFUser,0x12345,2,,,,,DESKTOP-CTF,
Audit Failure,05/09/2025 07:28:03,Microsoft-Windows-Security-Auditing,4625,Logon,An account failed to log on.,S-1-0-0,Null Sid,0x0,3,ATTACKER-PC,8080,Negotiate,Advapi,The user has not been granted the requested logon type at this machine.,DESKTOP-CTF,C000006D
Audit Success,05/09/2025 07:28:04,Microsoft-Windows-Security-Auditing,4720,User Account Management,A user account was created.,S-1-5-21-1234567890-123456789-1234567890-500,DESKTOP-CTF\Administrator,0xABCDE,S-1-5-21-1234567890-123456789-1234567890-1005,NewUser,WORKGROUP,Enabled,Password not required,User cannot change password,,,,DESKTOP-CTF,
Audit Success,05/09/2025 07:28:05,Microsoft-Windows-Security-Auditing,4724,User Account Management,An attempt was made to reset an account's password.,S-1-5-21-1234567890-123456789-1234567890-1001,DESKTOP-CTF\CTFUser,0x12345,S-1-5-21-1234567890-123456789-1234567890-1003,HelpDeskUser,,,,,DESKTOP-CTF,
Audit Success,05/09/2025 07:28:06,Microsoft-Windows-Security-Auditing,4740,User Account Management,A user account was locked out.,S-1-5-21-1234567890-123456789-1234567890-1002,BruteForceUser,0x0,,,,,,,DESKTOP-CTF,
Audit Success,05/09/2025 07:28:07,Microsoft-Windows-Security-Auditing,4768,Kerberos Authentication Service,A Kerberos authentication ticket (TGT) was requested.,S-1-5-21-1234567890-123456789-1234567890-1001,CTFUser,0x0,S-1-5-21-1234567890-123456789-1234567890-1001,0x12,krbtgt/WORKGROUP,0x17,::ffff:192.168.1.110,49000,Success,DESKTOP-CTF,
Audit Failure,05/09/2025 07:28:08,Microsoft-Windows-Security-Auditing,4771,Kerberos Pre-Authentication,Kerberos pre-authentication failed.,S-1-0-0,UnknownUser,0x0,S-1-0-0,0x0,,0x18,::ffff:192.168.1.200,50000,Pre-authentication failed: User not found,DESKTOP-CTF,
Audit Success,05/09/2025 07:28:09,Microsoft-Windows-Security-Auditing,4648,Logon,A logon was attempted using explicit credentials.,S-1-5-21-1234567890-123456789-1234567890-500,DESKTOP-CTF\Administrator,0xABCDE,S-1-5-21-1234567890-123456789-1234567890-500,Administrator,WORKGROUP,C:\Windows\System32\runas.exe,1234,::1,8888,DESKTOP-CTF,
Audit Success,05/09/2025 07:28:10,Microsoft-Windows-Security-Auditing,5156,Filtering Platform Connection,The Windows Filtering Platform has permitted a connection.,S-1-5-18,System,0x3e7,%%1792,%%1793,%%1794,C:\Program Files\Mozilla Firefox\firefox.exe,192.168.1.150,10.0.0.90,TCP,51235,80,Outbound,DESKTOP-CTF,
Audit Success,05/09/2025 07:28:11,Microsoft-Windows-Security-Auditing,4688,Process Creation,A new process has been created.,S-1-5-21-1234567890-123456789-1234567890-1001,DESKTOP-CTF\CTFUser,0x12345,9012,C:\Windows\System32\cmd.exe,0x0,4321,C:\Windows\explorer.exe,%%1936,Enabled,DESKTOP-CTF,
Audit Success,05/09/2025 07:28:12,Microsoft-Windows-Security-Auditing,4689,Process Termination,A process has exited.,S-1-5-21-1234567890-123456789-1234567890-1001,DESKTOP-CTF\CTFUser,0x12345,5678,C:\Windows\System32\notepad.exe,0x0,DESKTOP-CTF,
Audit Success,05/09/2025 07:28:13,Microsoft-Windows-Security-Auditing,4703,Token Right Adjusted,A user right was adjusted.,S-1-5-21-1234567890-123456789-1234567890-500,DESKTOP-CTF\Administrator,0xABCDE,lsass.exe,9876,SeSecurityPrivilege SeBackupPrivilege SeRestorePrivilege SeTakeOwnershipPrivilege SeDebugPrivilege SeSystemEnvironmentPrivilege SeLoadDriverPrivilege SeImpersonatePrivilege ,DESKTOP-CTF,
Audit Success,05/09/2025 07:28:14,Microsoft-Windows-Security-Auditing,4907,Auditing settings on object were changed.,S-1-5-18,System,0x3e7,Object Server,Security,File,C:\secret\file.txt,OldSacl,NewSacl,DESKTOP-CTF,
Audit Failure,05/09/2025 07:28:15,Microsoft-Windows-Security-Auditing,4656,Handle Request,A handle to an object was requested with intent to delete.,S-1-5-21-1234567890-123456789-1234567890-1004,SuspiciousUser,0xFEDCB,C:\Windows\System32\svchost.exe,1111,HKLM\System\CurrentControlSet\Services\EvilService,0x10000,Access is denied.,DESKTOP-CTF,
Audit Success,05/09/2025 07:28:16,Microsoft-Windows-Security-Auditing,4663,Object Access,An attempt was made to access an object.,S-1-5-21-1234567890-123456789-1234567890-1001,DESKTOP-CTF\CTFUser,0x12345,C:\Program Files\App\app.exe,2222,File,C:\Users\CTFUser\Documents\project.docx,0x120089,ReadData (or ListDirectory) ReadAttributes ,,DESKTOP-CTF,
Audit Success,05/09/2025 07:28:17,Microsoft-Windows-Security-Auditing,4672,Special Privileges Assigned,Special privileges assigned to new logon.,S-1-5-21-1234567890-123456789-1234567890-500,DESKTOP-CTF\Administrator,0xABCDE,SeAssignPrimaryTokenPrivilege SeAuditPrivilege SeChangeNotifyPrivilege SeCreateGlobalPrivilege SeCreatePagefilePrivilege SeCreatePermanentPrivilege SeCreateSymbolicLinkPrivilege SeIncreaseQuotaPrivilege SeProfileSingleProcessPrivilege SeSecurityPrivilege SeSystemtimePrivilege SeTimeZonePrivilege SeUndockPrivilege ,,DESKTOP-CTF,
Audit Success,05/09/2025 07:28:18,Microsoft-Windows-Security-Auditing,4776,Credential Validation,The domain controller attempted to validate the credentials for an account.,S-1-5-21-1234567890-123456789-1234567890-1001,CTFUser$,0x0,MICROSOFT_AUTHENTICATION_PACKAGE_V1_0,::ffff:192.168.1.110,WORKSTATION1,Success,DESKTOP-CTF,
Audit Failure,05/09/2025 07:28:19,Microsoft-Windows-Security-Auditing,4776,Credential Validation,The domain controller attempted to validate the credentials for an account.,S-1-0-0,BadUser$,0x0,MICROSOFT_AUTHENTICATION_PACKAGE_V1_0,::ffff:192.168.1.210,ATTACKER-STATION,The user's account is locked out.,DESKTOP-CTF,C0000234
Audit Success,05/09/2025 07:28:20,Microsoft-Windows-Security-Auditing,5140,File Share Accessed,A network share object was accessed.,S-1-5-21-1234567890-123456789-1234567890-1001,DESKTOP-CTF\CTFUser,0x12345,\\SERVER\Share,File,%%4416,::ffff:192.168.1.110,55555,DESKTOP-CTF,
Audit Failure,05/09/2025 07:28:21,Microsoft-Windows-Security-Auditing,5145,File Share Check,A network share object was checked to see whether client can be granted desired access.,S-1-5-21-1234567890-123456789-1234567890-1004,SuspiciousUser,0xFEDCB,\\SERVER\AdminShare\secret.dat,%%1537,Access denied,::ffff:192.168.1.220,60000,DESKTOP-CTF,
Audit Success,05/09/2025 07:28:22,Microsoft-Windows-Security-Auditing,4624,Logon,An account was successfully logged on.,S-1-5-18,NT AUTHORITY\SYSTEM,0x3e7,5,ANONYMOUS LOGON,80,NTLM,Advapi,,DESKTOP-CTF,00000000-0000-0000-0000-000000000000
Audit Success,05/09/2025 07:28:23,Microsoft-Windows-Security-Auditing,4732,Security Group Management,A member was added to a security-enabled local group.,S-1-5-21-1234567890-123456789-1234567890-500,DESKTOP-CTF\Administrator,0xABCDE,S-1-5-21-1234567890-123456789-1234567890-1005,NewUser,Administrators,S-1-5-32-544,DESKTOP-CTF,
Audit Success,05/09/2025 07:28:24,Microsoft-Windows-Security-Auditing,4733,Security Group Management,A member was removed from a security-enabled local group.,S-1-5-21-1234567890-123456789-1234567890-500,DESKTOP-CTF\Administrator,0xABCDE,S-1-5-21-1234567890-123456789-1234567890-1001,CTFUser,Users,S-1-5-32-545,DESKTOP-CTF,
Audit Success,05/09/2025 07:28:25,Microsoft-Windows-Security-Auditing,4798,User's local group membership,A user's local group membership was enumerated.,S-1-5-21-1234567890-123456789-1234567890-1001,DESKTOP-CTF\CTFUser,0x12345,net.exe,3333,DESKTOP-CTF,
Audit Success,05/09/2025 07:28:26,Microsoft-Windows-Security-Auditing,4799,Security-enabled local group membership enumerated,A security-enabled local group membership was enumerated.,S-1-5-21-1234567890-123456789-1234567890-500,DESKTOP-CTF\Administrator,0xABCDE,lusrmgr.msc,4444,DESKTOP-CTF,
Audit Success,05/09/2025 07:28:27,Microsoft-Windows-Security-Auditing,5058,Key Decryption,Key file operation.,S-1-5-18,System,0x3e7,dpapisrv,555,C:\Windows\System32\dpapisrv.dll,%%2499,RSA,Microsoft Software Key Storage Provider,%%2519,DESKTOP-CTF,
Audit Failure,05/09/2025 07:28:28,Microsoft-Windows-Security-Auditing,5061,Cryptographic Operation,Cryptographic operation.,S-1-5-21-1234567890-123456789-1234567890-1004,SuspiciousUser,0xFEDCB,C:\Users\SuspiciousUser\Downloads\malware.exe,6666,%%2480,%%2483,SHA256,CNG Key Isolation,The handle is invalid.,DESKTOP-CTF,
Audit Success,05/09/2025 07:28:29,Microsoft-Windows-Security-Auditing,4698,Scheduled Task Created,A scheduled task was created.,S-1-5-21-1234567890-123456789-1234567890-500,DESKTOP-CTF\Administrator,0xABCDE,\Microsoft\Windows\EvilTask,schtasks.exe,<?xml version="1.0" encoding="UTF-16"?><Task version="1.2" xmlns="http://schemas.microsoft.com/windows/2004/02/mit/task"><Triggers /><Principals><Principal id="Author"><UserId>S-1-5-18</UserId><LogonType>InteractiveToken</LogonType></Principal></Principals><Settings><Enabled>true</Enabled></Settings><Actions Context="Author"><Exec><Command>C:\Windows\System32\calc.exe</Command></Exec></Actions></Task>,DESKTOP-CTF,
Audit Success,05/09/2025 07:28:30,Microsoft-Windows-Security-Auditing,4699,Scheduled Task Deleted,A scheduled task was deleted.,S-1-5-21-1234567890-123456789-1234567890-1001,DESKTOP-CTF\CTFUser,0x12345,\Microsoft\Windows\TempTask,taskschd.msc,,DESKTOP-CTF,
Audit Success,05/09/2025 07:28:31,Microsoft-Windows-Security-Auditing,4702,Scheduled Task Updated,A scheduled task was updated.,S-1-5-21-1234567890-123456789-1234567890-500,DESKTOP-CTF\Administrator,0xABCDE,\Microsoft\Windows\Maintenance\WinSAT,schtasks.exe,UpdatedContent,DESKTOP-CTF,
Audit Success,05/09/2025 07:28:32,Microsoft-Windows-Security-Auditing,4700,Scheduled Task Enabled,A scheduled task was enabled.,S-1-5-18,System,0x3e7,\Microsoft\Windows\UpdateOrchestrator\USO_BrokerReady,svchost.exe,,DESKTOP-CTF,
Audit Success,05/09/2025 07:28:33,Microsoft-Windows-Security-Auditing,4701,Scheduled Task Disabled,A scheduled task was disabled.,S-1-5-21-1234567890-123456789-1234567890-1001,DESKTOP-CTF\CTFUser,0x12345,\Microsoft\Windows\Application Experience\ProgramDataUpdater,taskschd.msc,,DESKTOP-CTF,
Audit Success,05/09/2025 07:28:34,Microsoft-Windows-Security-Auditing,4719,System Audit Policy Changed,System audit policy was changed.,S-1-5-21-1234567890-123456789-1234567890-500,DESKTOP-CTF\Administrator,0xABCDE,AuditPolicy,%%8448,Success and Failure,auditpol.exe,DESKTOP-CTF,
Audit Success,05/09/2025 07:28:35,Microsoft-Windows-Security-Auditing,4722,User Account Enabled,A user account was enabled.,S-1-5-21-1234567890-123456789-1234567890-500,DESKTOP-CTF\Administrator,0xABCDE,S-1-5-21-1234567890-123456789-1234567890-1006,TempUser,WORKGROUP,DESKTOP-CTF,
Audit Success,05/09/2025 07:28:36,Microsoft-Windows-Security-Auditing,4725,User Account Disabled,A user account was disabled.,S-1-5-21-1234567890-123456789-1234567890-500,DESKTOP-CTF\Administrator,0xABCDE,S-1-5-21-1234567890-123456789-1234567890-1002,BruteForceUser,WORKGROUP,DESKTOP-CTF,
Audit Success,05/09/2025 07:28:37,Microsoft-Windows-Security-Auditing,4738,User Account Changed,A user account was changed.,S-1-5-21-1234567890-123456789-1234567890-1001,DESKTOP-CTF\CTFUser,0x12345,S-1-5-21-1234567890-123456789-1234567890-1001,CTFUser,WORKGROUP,SAM Account Name,Description,User Principal Name,Display Name,Script Path,Profile Path,Home Directory,Home Drive,Password Last Set,Account Expires,Primary Group ID,AllowedToDelegateTo,User Account Control,'Password Not Required' - Disabled;'Don't Expire Password' - Enabled;,'Smartcard Required' - Disabled,User Parameters,SID History,Logon Hours,msDS-SupportedEncryptionTypes,DESKTOP-CTF,
Audit Success,05/09/2025 07:28:38,Microsoft-Windows-Security-Auditing,4781,Name Mapped,The name of an account was mapped.,S-1-5-21-1234567890-123456789-1234567890-500,DESKTOP-CTF\Administrator,0xABCDE,S-1-5-21-1234567890-123456789-1234567890-1007,OldUser,NewUserName,WORKGROUP,DESKTOP-CTF,
Audit Success,05/09/2025 07:28:39,Microsoft-Windows-Security-Auditing,4985,Transaction State Changed,The state of a transaction has changed.,S-1-5-18,System,0x3e7,KtmRm,7777,{guidA},{guidB},ResourceManagerTmOnline,Active,DESKTOP-CTF,
Audit Success,05/09/2025 07:28:40,Microsoft-Windows-Security-Auditing,5136,Directory Service Object Modified,A directory service object was modified.,S-1-5-21-1234567890-123456789-1234567890-500,DESKTOP-CTF\Administrator,0xABCDE,Active Directory Domain Services,User,CN=CTFUser,OU=Users,DC=workgroup,DC=local,AttributeLDAPDisplayName: description,AttributeSyntax: String(Unicode),AttributeValue: CTF Challenge Participant,DESKTOP-CTF,
Audit Success,05/09/2025 07:28:41,Microsoft-Windows-Security-Auditing,5137,Directory Service Object Created,A directory service object was created.,S-1-5-21-1234567890-123456789-1234567890-500,DESKTOP-CTF\Administrator,0xABCDE,Active Directory Domain Services,OrganizationalUnit,OU=Contestants,DC=workgroup,DC=local,Class: organizationalUnit,DESKTOP-CTF,
Audit Success,05/09/2025 07:28:42,Microsoft-Windows-Security-Auditing,5139,Directory Service Object Deleted,A directory service object was deleted.,S-1-5-21-1234567890-123456789-1234567890-500,DESKTOP-CTF\Administrator,0xABCDE,Active Directory Domain Services,User,CN=OldUserAccount,OU=Users,DC=workgroup,DC=local,IsDeleted: True,DESKTOP-CTF,
Audit Success,05/09/2025 07:28:43,Microsoft-Windows-Security-Auditing,5142,File Share Added,A network share object was added.,S-1-5-18,System,0x3e7,\\*\IPC$,IPC,Remark: IPC Share, Max Uses: 4294967295, Path: , Type: 0x1, Permissions: 1179785,DESKTOP-CTF,
Audit Success,05/09/2025 07:28:44,Microsoft-Windows-Security-Auditing,5143,File Share Modified,A network share object was modified.,S-1-5-18,System,0x3e7,\\*\ShareDocs,ShareDocs,Remark: Shared Documents, Max Uses: 10, Path: C:\SharedDocs, Type: 0x0, Permissions: 1245631,DESKTOP-CTF,
Audit Success,05/09/2025 07:28:45,Microsoft-Windows-Security-Auditing,5144,File Share Deleted,A network share object was deleted.,S-1-5-18,System,0x3e7,\\*\TempShare,TempShare,,,,DESKTOP-CTF,
Audit Success,05/09/2025 07:28:46,Microsoft-Windows-Security-Auditing,5152,Filtering Platform Packet Drop,The Windows Filtering Platform has blocked a packet.,S-1-5-18,System,0x3e7,%%1792,%%1793,%%1794,C:\Windows\System32\svchost.exe,192.168.1.250,10.0.0.70,UDP,137,137,Inbound,%%14618,DESKTOP-CTF,
Audit Failure,05/09/2025 07:28:47,Microsoft-Windows-Security-Auditing,5157,Filtering Platform Connection Block,The Windows Filtering Platform has blocked a connection.,S-1-5-18,System,0x3e7,%%1792,%%1793,%%1794,C:\SomeApp\suspicious.exe,10.0.5.60,203.0.113.88,TCP,4444,80,Outbound,%%14608,DESKTOP-CTF,
Audit Success,05/09/2025 07:28:48,Microsoft-Windows-Security-Auditing,4649,Replay Attack Detected,A replay attack was detected.,S-1-0-0,-,0x0,Negotiate,Advapi,ATTACKER-REPLAY,192.168.1.230,DESKTOP-CTF,
Audit Success,05/09/2025 07:28:49,Microsoft-Windows-Security-Auditing,4742,Computer Account Changed,A computer account was changed.,S-1-5-21-1234567890-123456789-1234567890-500,DESKTOP-CTF\Administrator,0xABCDE,S-1-5-21-1234567890-123456789-1234567890-1103,WORKSTATION1$,WORKGROUP,DNS Host Name,Service Principal Name,'Primary Group ID' - Changed,DESKTOP-CTF,
Audit Success,05/09/2025 07:28:50,Microsoft-Windows-Security-Auditing,4769,Kerberos Service Ticket Request,A Kerberos service ticket was requested.,S-1-5-21-1234567890-123456789-1234567890-1001,CTFUser,0x12345,HTTP/webserver.workgroup.local,S-1-5-21-1234567890-123456789-1234567890-1105,0x20,0x40810000,::ffff:192.168.1.110,49001,Success,DESKTOP-CTF,
